<?xml version="1.0" encoding="UTF-8"?>
<testsuite xmlns:xsi="http://www.w3.org/2001/XMLSchema-instance" xsi:noNamespaceSchemaLocation="https://maven.apache.org/surefire/maven-surefire-plugin/xsd/surefire-test-report-3.0.xsd" version="3.0" name="As a user I should be able to login to my store app" time="50.611" tests="1" errors="0" skipped="0" failures="0">
  <properties>
[...]
</properties>
  <testcase name="user logins in successfully" classname="As a user I should be able to login to my store app" time="50.611">
    <system-out><![CDATA[
@ui
Scenario: user logins in successfully        &amp#27;[90m# src/test/resources/features/login.feature:4&amp#27;[0m
  &amp#27;[32mGiven &amp#27;[0m&amp#27;[32mwe are on landing page&amp#27;[0m               &amp#27;[90m# com.esusu.step_definitions.LoginStepDef.we_are_at_my_store_landing_page()&amp#27;[0m
  &amp#27;[32mWhen &amp#27;[0m&amp#27;[32muser clicks on sign_In option&amp#27;[0m         &amp#27;[90m# com.esusu.step_definitions.LoginStepDef.user_clicks_on_signin_option()&amp#27;[0m
  &amp#27;[32mAnd &amp#27;[0m&amp#27;[32muser enters correct email and password&amp#27;[0m &amp#27;[90m# com.esusu.step_definitions.LoginStepDef.userEntersCorrectEmailAndPassword()&amp#27;[0m
  &amp#27;[32mThen &amp#27;[0m&amp#27;[32muser is logs in successfully&amp#27;[0m          &amp#27;[90m# com.esusu.step_definitions.LoginStepDef.user_user_should_be_directed_to_enter_metadata_page()&amp#27;[0m
]]></system-out>
    <system-err><![CDATA[[pool-2-thread-4] INFO io.github.bonigarcia.wdm.WebDriverManager - Using chromedriver 103.0.5060.53 (resolved driver for Chrome 103)
[pool-2-thread-4] INFO io.github.bonigarcia.wdm.WebDriverManager - Exporting webdriver.chrome.driver as /home/raphael/.cache/selenium/chromedriver/linux64/103.0.5060.53/chromedriver
Starting ChromeDriver 103.0.5060.53 (a1711811edd74ff1cf2150f36ffa3b0dae40b17f-refs/branch-heads/5060@{#853}) on port 25428
Only local connections are allowed.
Please see https://chromedriver.chromium.org/security-considerations for suggestions on keeping ChromeDriver safe.
ChromeDriver was started successfully.
Jul 19, 2022 3:36:46 AM org.openqa.selenium.remote.ProtocolHandshake createSession
INFO: Detected dialect: W3C
]]></system-err>
  </testcase>
</testsuite>